TN:
SF:miniprogram\services\auth.ts
FN:7,(anonymous_1)
FN:31,(anonymous_2)
FN:43,(anonymous_3)
FN:67,(anonymous_4)
FNF:4
FNH:4
FNDA:5,(anonymous_1)
FNDA:3,(anonymous_2)
FNDA:3,(anonymous_3)
FNDA:2,(anonymous_4)
DA:3,2
DA:4,2
DA:6,2
DA:8,5
DA:9,5
DA:15,5
DA:16,3
DA:19,5
DA:22,0
DA:24,0
DA:25,0
DA:28,0
DA:32,3
DA:33,3
DA:40,0
DA:44,3
DA:45,3
DA:51,3
DA:52,3
DA:55,3
DA:58,0
DA:60,0
DA:61,0
DA:64,0
DA:68,2
DA:69,2
DA:74,2
DA:75,2
DA:78,0
DA:79,0
DA:80,0
LF:31
LH:19
BRDA:8,0,0,5
BRDA:15,1,0,3
BRDA:15,2,0,5
BRDA:15,2,1,3
BRDA:24,3,0,0
BRDA:24,4,0,0
BRDA:24,4,1,0
BRDA:32,5,0,3
BRDA:44,6,0,3
BRDA:51,7,0,3
BRDA:51,8,0,3
BRDA:51,8,1,3
BRDA:60,9,0,0
BRDA:60,10,0,0
BRDA:60,10,1,0
BRDA:68,11,0,2
BRF:16
BRH:10
end_of_record
TN:
SF:miniprogram\services\checkin.ts
FN:6,(anonymous_1)
FN:18,(anonymous_2)
FN:30,(anonymous_3)
FN:42,(anonymous_4)
FNF:4
FNH:4
FNDA:3,(anonymous_1)
FNDA:4,(anonymous_2)
FNDA:2,(anonymous_3)
FNDA:2,(anonymous_4)
DA:2,1
DA:3,1
DA:5,1
DA:7,3
DA:8,3
DA:15,0
DA:19,4
DA:20,4
DA:27,0
DA:31,2
DA:32,2
DA:39,0
DA:43,2
DA:44,2
DA:50,0
LF:15
LH:11
BRDA:7,0,0,3
BRDA:19,1,0,4
BRDA:31,2,0,2
BRDA:43,3,0,2
BRF:4
BRH:4
end_of_record
TN:
SF:miniprogram\services\reservation.ts
FN:6,(anonymous_1)
FN:18,(anonymous_2)
FN:30,(anonymous_3)
FN:41,(anonymous_4)
FN:52,(anonymous_5)
FNF:5
FNH:5
FNDA:7,(anonymous_1)
FNDA:4,(anonymous_2)
FNDA:3,(anonymous_3)
FNDA:3,(anonymous_4)
FNDA:2,(anonymous_5)
DA:2,3
DA:3,3
DA:5,3
DA:7,7
DA:8,7
DA:15,0
DA:19,4
DA:20,4
DA:27,0
DA:31,3
DA:32,3
DA:38,0
DA:42,3
DA:43,3
DA:49,0
DA:53,2
DA:54,2
DA:60,0
LF:18
LH:13
BRDA:7,0,0,7
BRDA:19,1,0,4
BRDA:31,2,0,3
BRDA:42,3,0,3
BRDA:53,4,0,2
BRF:5
BRH:5
end_of_record
TN:
SF:miniprogram\services\seat.ts
FN:6,(anonymous_1)
FN:18,(anonymous_2)
FNF:2
FNH:2
FNDA:7,(anonymous_1)
FNDA:6,(anonymous_2)
DA:2,2
DA:3,2
DA:5,2
DA:7,7
DA:8,7
DA:15,0
DA:19,6
DA:20,6
DA:26,0
LF:9
LH:7
BRDA:7,0,0,7
BRDA:19,1,0,6
BRF:2
BRH:2
end_of_record
TN:
SF:miniprogram\services\studyroom.ts
FN:6,(anonymous_1)
FN:18,(anonymous_2)
FNF:2
FNH:1
FNDA:1,(anonymous_1)
FNDA:0,(anonymous_2)
DA:2,1
DA:3,1
DA:5,1
DA:7,1
DA:8,1
DA:15,0
DA:19,0
DA:20,0
DA:26,0
LF:9
LH:5
BRDA:7,0,0,1
BRDA:19,1,0,0
BRF:2
BRH:1
end_of_record
TN:
SF:miniprogram\utils\seat-layout.ts
FN:22,(anonymous_0)
FN:28,(anonymous_1)
FN:32,(anonymous_2)
FN:33,(anonymous_3)
FN:47,(anonymous_4)
FN:53,(anonymous_5)
FN:59,(anonymous_6)
FN:62,(anonymous_7)
FN:63,(anonymous_8)
FN:65,(anonymous_9)
FN:68,(anonymous_10)
FN:79,(anonymous_11)
FN:84,(anonymous_12)
FN:89,(anonymous_13)
FN:94,(anonymous_14)
FN:99,(anonymous_15)
FN:100,(anonymous_16)
FN:103,(anonymous_17)
FN:104,(anonymous_18)
FN:107,(anonymous_19)
FN:108,(anonymous_20)
FN:111,(anonymous_21)
FN:131,(anonymous_22)
FN:132,(anonymous_23)
FN:133,(anonymous_24)
FN:134,(anonymous_25)
FN:138,(anonymous_26)
FNF:27
FNH:27
FNDA:7,(anonymous_0)
FNDA:37,(anonymous_1)
FNDA:37,(anonymous_2)
FNDA:37,(anonymous_3)
FNDA:27,(anonymous_4)
FNDA:4,(anonymous_5)
FNDA:2,(anonymous_6)
FNDA:4,(anonymous_7)
FNDA:6,(anonymous_8)
FNDA:36,(anonymous_9)
FNDA:6,(anonymous_10)
FNDA:3,(anonymous_11)
FNDA:5,(anonymous_12)
FNDA:4,(anonymous_13)
FNDA:3,(anonymous_14)
FNDA:2,(anonymous_15)
FNDA:5,(anonymous_16)
FNDA:2,(anonymous_17)
FNDA:5,(anonymous_18)
FNDA:1,(anonymous_19)
FNDA:3,(anonymous_20)
FNDA:3,(anonymous_21)
FNDA:5,(anonymous_22)
FNDA:5,(anonymous_23)
FNDA:5,(anonymous_24)
FNDA:5,(anonymous_25)
FNDA:3,(anonymous_26)
DA:21,1
DA:23,7
DA:24,1
DA:27,6
DA:28,6
DA:29,37
DA:32,37
DA:33,37
DA:35,6
DA:36,6
DA:37,10
DA:38,10
DA:39,37
DA:40,37
DA:41,37
DA:44,10
DA:45,10
DA:47,27
DA:52,6
DA:53,4
DA:60,2
DA:62,2
DA:63,6
DA:66,36
DA:68,6
DA:70,4
DA:80,3
DA:81,2
DA:85,5
DA:86,4
DA:90,4
DA:91,3
DA:95,3
DA:96,3
DA:100,5
DA:104,5
DA:108,3
DA:118,3
DA:119,1
DA:120,1
DA:129,2
DA:131,5
DA:132,5
DA:133,5
DA:134,5
DA:139,3
DA:140,1
DA:143,2
DA:144,2
LF:49
LH:49
BRDA:23,0,0,1
BRDA:23,1,0,7
BRDA:23,1,1,7
BRDA:40,2,0,37
BRDA:44,3,0,10
BRDA:66,4,0,36
BRDA:66,4,1,28
BRDA:80,5,0,1
BRDA:85,6,0,1
BRDA:90,7,0,1
BRDA:118,8,0,1
BRDA:139,9,0,1
BRF:12
BRH:12
end_of_record
TN:
SF:miniprogram\utils\util.ts
FN:1,(anonymous_0)
FN:16,(anonymous_1)
FNF:2
FNH:2
FNDA:7,(anonymous_0)
FNDA:42,(anonymous_1)
DA:1,1
DA:2,7
DA:3,7
DA:4,7
DA:5,7
DA:6,7
DA:7,7
DA:9,7
DA:16,1
DA:17,42
DA:18,42
LF:11
LH:11
BRDA:18,0,0,23
BRDA:18,0,1,19
BRF:2
BRH:2
end_of_record
