TN:
SF:miniprogram\__tests__\mocks\wx.ts
FN:10,(anonymous_0)
FN:29,(anonymous_1)
FN:33,(anonymous_2)
FN:40,(anonymous_3)
FN:47,(anonymous_4)
FN:54,(anonymous_5)
FN:66,(anonymous_6)
FN:70,(anonymous_7)
FN:74,(anonymous_8)
FN:78,(anonymous_9)
FN:79,(anonymous_10)
FNF:11
FNH:10
FNDA:41,(anonymous_0)
FNDA:18,(anonymous_1)
FNDA:11,(anonymous_2)
FNDA:4,(anonymous_3)
FNDA:8,(anonymous_4)
FNDA:0,(anonymous_5)
FNDA:8,(anonymous_6)
FNDA:11,(anonymous_7)
FNDA:1,(anonymous_8)
FNDA:10,(anonymous_9)
FNDA:5,(anonymous_10)
DA:8,8
DA:10,8
DA:20,41
DA:25,41
DA:27,41
DA:28,18
DA:29,18
DA:31,23
DA:32,11
DA:33,11
DA:38,12
DA:39,4
DA:40,4
DA:45,8
DA:46,8
DA:47,8
DA:53,0
DA:54,0
DA:58,41
DA:61,8
DA:67,8
DA:71,11
DA:75,1
DA:79,10
DA:83,8
DA:88,8
LF:26
LH:24
BRDA:25,0,0,41
BRDA:25,0,1,0
BRDA:27,1,0,18
BRDA:27,1,1,23
BRDA:28,2,0,18
BRDA:31,3,0,11
BRDA:31,3,1,12
BRDA:32,4,0,11
BRDA:38,5,0,4
BRDA:38,5,1,8
BRDA:39,6,0,4
BRDA:45,7,0,8
BRDA:45,7,1,0
BRDA:46,8,0,8
BRDA:53,9,0,0
BRDA:71,10,0,11
BRDA:71,10,1,7
BRF:17
BRH:14
end_of_record
TN:
SF:miniprogram\services\cache.ts
FN:15,(anonymous_0)
FN:18,(anonymous_1)
FN:37,(anonymous_2)
FN:43,(anonymous_3)
FN:51,(anonymous_4)
FN:61,(anonymous_5)
FN:65,(anonymous_6)
FN:75,(anonymous_7)
FN:83,(anonymous_8)
FNF:9
FNH:9
FNDA:5,(anonymous_0)
FNDA:1,(anonymous_1)
FNDA:2,(anonymous_2)
FNDA:1,(anonymous_3)
FNDA:7,(anonymous_4)
FNDA:2,(anonymous_5)
FNDA:2,(anonymous_6)
FNDA:2,(anonymous_7)
FNDA:2,(anonymous_8)
DA:3,10
DA:16,5
DA:17,5
DA:18,5
DA:19,5
DA:25,5
DA:26,0
DA:28,5
DA:31,5
DA:33,0
DA:38,2
DA:39,2
DA:40,2
DA:42,1
DA:43,1
DA:44,1
DA:46,0
DA:47,0
DA:52,7
DA:53,7
DA:54,7
DA:56,0
DA:57,0
DA:62,2
DA:63,2
DA:64,1
DA:65,2
DA:66,1
DA:68,1
DA:71,0
DA:76,2
DA:77,2
DA:79,0
DA:84,2
DA:85,2
DA:87,0
DA:88,0
DA:93,10
DA:95,10
LF:39
LH:29
BRDA:25,0,0,0
BRDA:25,0,1,5
BRDA:40,1,0,1
BRDA:44,2,0,1
BRDA:44,2,1,0
BRDA:54,3,0,2
BRDA:54,3,1,5
BRDA:63,4,0,1
BRDA:63,4,1,1
BRDA:85,5,0,2
BRDA:85,5,1,1
BRF:11
BRH:9
end_of_record
TN:
SF:miniprogram\services\character.ts
FN:6,getCharacters
FNF:1
FNH:1
FNDA:5,getCharacters
DA:1,5
DA:3,5
DA:4,5
DA:6,5
DA:7,5
DA:9,5
DA:10,1
DA:13,4
DA:14,4
DA:16,0
DA:17,0
LF:11
LH:9
BRDA:9,0,0,1
BRF:1
BRH:1
end_of_record
TN:
SF:miniprogram\services\chat.ts
FN:8,sendMessage
FN:15,(anonymous_2)
FN:23,(anonymous_3)
FN:30,(anonymous_4)
FN:44,sendMessageStream
FN:48,(anonymous_6)
FN:66,(anonymous_7)
FN:69,(anonymous_8)
FN:75,(anonymous_9)
FN:83,mockStreamResponse
FN:84,(anonymous_11)
FN:90,(anonymous_12)
FN:103,arrayBufferToString
FN:112,parseSSE
FN:131,handleSSEEvent
FNF:15
FNH:6
FNDA:5,sendMessage
FNDA:5,(anonymous_2)
FNDA:5,(anonymous_3)
FNDA:0,(anonymous_4)
FNDA:4,sendMessageStream
FNDA:4,(anonymous_6)
FNDA:4,(anonymous_7)
FNDA:0,(anonymous_8)
FNDA:0,(anonymous_9)
FNDA:0,mockStreamResponse
FNDA:0,(anonymous_11)
FNDA:0,(anonymous_12)
FNDA:0,arrayBufferToString
FNDA:0,parseSSE
FNDA:0,handleSSEEvent
DA:2,9
DA:3,9
DA:4,9
DA:6,9
DA:8,9
DA:9,5
DA:11,5
DA:12,0
DA:15,5
DA:16,5
DA:24,5
DA:25,5
DA:27,0
DA:31,0
DA:44,9
DA:48,4
DA:49,4
DA:51,4
DA:52,0
DA:53,0
DA:56,4
DA:67,4
DA:70,0
DA:71,0
DA:75,4
DA:76,0
DA:77,0
DA:78,0
DA:84,0
DA:85,0
DA:87,0
DA:88,0
DA:90,0
DA:91,0
DA:92,0
DA:93,0
DA:95,0
DA:96,0
DA:97,0
DA:104,0
DA:105,0
DA:106,0
DA:107,0
DA:109,0
DA:113,0
DA:114,0
DA:116,0
DA:117,0
DA:118,0
DA:119,0
DA:120,0
DA:121,0
DA:122,0
DA:124,0
DA:126,0
DA:132,0
DA:134,0
DA:135,0
DA:137,0
DA:138,0
DA:140,0
DA:142,0
DA:143,0
DA:145,0
DA:146,0
DA:150,9
LF:66
LH:19
BRDA:11,0,0,0
BRDA:24,1,0,5
BRDA:24,1,1,0
BRDA:24,2,0,5
BRDA:24,2,1,5
BRDA:51,3,0,0
BRDA:91,4,0,0
BRDA:91,4,1,0
BRDA:117,5,0,0
BRDA:117,5,1,0
BRDA:119,6,0,0
BRDA:119,7,0,0
BRDA:119,7,1,0
BRDA:132,8,0,0
BRDA:132,8,1,0
BRDA:132,8,2,0
BRDA:132,8,3,0
BRDA:137,9,0,0
BRDA:145,10,0,0
BRDA:145,10,1,0
BRF:20
BRH:3
end_of_record
TN:
SF:miniprogram\services\connection.ts
FN:5,(anonymous_0)
FN:10,(anonymous_1)
FN:14,(anonymous_2)
FN:18,(anonymous_3)
FN:26,(anonymous_4)
FN:31,(anonymous_5)
FN:54,(anonymous_6)
FN:56,(anonymous_7)
FN:61,(anonymous_8)
FN:62,(anonymous_9)
FNF:10
FNH:9
FNDA:23,(anonymous_0)
FNDA:1,(anonymous_1)
FNDA:1,(anonymous_2)
FNDA:19,(anonymous_3)
FNDA:19,(anonymous_4)
FNDA:18,(anonymous_5)
FNDA:2,(anonymous_6)
FNDA:1,(anonymous_7)
FNDA:19,(anonymous_8)
FNDA:0,(anonymous_9)
DA:1,23
DA:6,23
DA:7,23
DA:8,23
DA:11,1
DA:15,1
DA:19,19
DA:20,0
DA:23,19
DA:25,19
DA:26,19
DA:27,19
DA:32,18
DA:33,18
DA:35,0
DA:42,18
DA:43,18
DA:44,18
DA:46,1
DA:47,1
DA:48,1
DA:50,19
DA:55,2
DA:56,2
DA:57,1
DA:62,19
DA:66,23
DA:68,23
LF:28
LH:26
BRDA:19,0,0,0
BRDA:32,1,0,18
BRDA:32,1,1,0
BRDA:32,2,0,18
BRDA:32,2,1,18
BRF:5
BRH:3
end_of_record
TN:
SF:miniprogram\services\index.ts
FN:1,(anonymous_1)
FN:2,(anonymous_2)
FN:2,(anonymous_3)
FN:3,(anonymous_4)
FN:4,(anonymous_5)
FN:5,(anonymous_6)
FNF:6
FNH:0
FNDA:0,(anonymous_1)
FNDA:0,(anonymous_2)
FNDA:0,(anonymous_3)
FNDA:0,(anonymous_4)
FNDA:0,(anonymous_5)
FNDA:0,(anonymous_6)
DA:1,0
DA:2,0
DA:3,0
DA:4,0
DA:5,0
LF:5
LH:0
BRF:0
BRH:0
end_of_record
TN:
SF:miniprogram\services\request.ts
FN:13,(anonymous_0)
FN:17,(anonymous_1)
FN:30,(anonymous_2)
FN:36,(anonymous_3)
FN:43,(anonymous_4)
FN:54,(anonymous_5)
FN:62,(anonymous_6)
FNF:7
FNH:6
FNDA:6,(anonymous_0)
FNDA:14,(anonymous_1)
FNDA:14,(anonymous_2)
FNDA:14,(anonymous_3)
FNDA:0,(anonymous_4)
FNDA:10,(anonymous_5)
FNDA:3,(anonymous_6)
DA:1,6
DA:14,6
DA:23,14
DA:25,14
DA:30,14
DA:31,14
DA:37,14
DA:38,14
DA:40,0
DA:44,0
DA:48,0
DA:55,10
DA:63,3
DA:71,6
DA:73,6
LF:15
LH:12
BRDA:20,0,0,0
BRDA:22,1,0,13
BRDA:37,2,0,14
BRDA:37,2,1,0
BRDA:37,3,0,14
BRDA:37,3,1,14
BRF:6
BRH:4
end_of_record
TN:
SF:miniprogram\typings\index.ts
FNF:0
FNH:0
DA:1,0
DA:2,0
LF:2
LH:0
BRF:0
BRH:0
end_of_record
TN:
SF:miniprogram\utils\mock.ts
FN:12,getMockCharacters
FN:16,getMockChatReply
FNF:2
FNH:2
FNDA:6,getMockCharacters
FNDA:5,getMockChatReply
DA:3,15
DA:12,15
DA:13,6
DA:16,15
DA:17,5
LF:5
LH:5
BRF:0
BRH:0
end_of_record
TN:
SF:miniprogram\utils\util.ts
FN:1,(anonymous_0)
FN:16,(anonymous_1)
FNF:2
FNH:2
FNDA:5,(anonymous_0)
FNDA:30,(anonymous_1)
DA:1,1
DA:2,5
DA:3,5
DA:4,5
DA:5,5
DA:6,5
DA:7,5
DA:9,5
DA:16,1
DA:17,30
DA:18,30
LF:11
LH:11
BRDA:18,0,0,18
BRDA:18,0,1,12
BRF:2
BRH:2
end_of_record
TN:
SF:miniprogram\utils\uuid.ts
FN:1,generateUUID
FN:2,(anonymous_1)
FNF:2
FNH:2
FNDA:106,generateUUID
FNDA:3286,(anonymous_1)
DA:1,1
DA:2,106
DA:3,3286
DA:4,3286
DA:5,3286
LF:5
LH:5
BRDA:4,0,0,3180
BRDA:4,0,1,106
BRF:2
BRH:2
end_of_record
